<?xml version="1.0" encoding="UTF-8"?>
<!-- Generated by org.testng.reporters.JUnitReportReporter -->
<testsuite hostname="DESKTOP-592DUJN" name="TestNG.Execution" tests="1" failures="0" timestamp="26 Feb 2021 07:45:19 GMT" time="87.270" errors="0">
  <testcase name="Executionclass" time="87.270" classname="TestNG.Execution"/>
</testsuite> <!-- TestNG.Execution -->
